This is pdfTeX, Version 3.1415926-1.40.10 (TeX Live 2009/Debian) (format=pdflatex 2010.5.10)  20 MAY 2010 09:06
entering extended mode
 restricted \write18 enabled.
 %&-line parsing enabled.
**4.5.tex
(./4.5.tex
LaTeX2e <2009/09/24>
Babel <v3.8l> and hyphenation patterns for english, usenglishmax, dumylang, noh
yphenation, loaded.
(/usr/share/texmf-texlive/tex/latex/base/article.cls
Document Class: article 2007/10/19 v1.4h Standard LaTeX document class
(/usr/share/texmf-texlive/tex/latex/base/size10.clo
File: size10.clo 2007/10/19 v1.4h Standard LaTeX file (size option)
)
\c@part=\count79
\c@section=\count80
\c@subsection=\count81
\c@subsubsection=\count82
\c@paragraph=\count83
\c@subparagraph=\count84
\c@figure=\count85
\c@table=\count86
\abovecaptionskip=\skip41
\belowcaptionskip=\skip42
\bibindent=\dimen102
)
(/usr/share/texmf-texlive/tex/latex/amsmath/amsmath.sty
Package: amsmath 2000/07/18 v2.13 AMS math features
\@mathmargin=\skip43

For additional information on amsmath, use the `?' option.
(/usr/share/texmf-texlive/tex/latex/amsmath/amstext.sty
Package: amstext 2000/06/29 v2.01

(/usr/share/texmf-texlive/tex/latex/amsmath/amsgen.sty
File: amsgen.sty 1999/11/30 v2.0
\@emptytoks=\toks14
\ex@=\dimen103
))
(/usr/share/texmf-texlive/tex/latex/amsmath/amsbsy.sty
Package: amsbsy 1999/11/29 v1.2d
\pmbraise@=\dimen104
)
(/usr/share/texmf-texlive/tex/latex/amsmath/amsopn.sty
Package: amsopn 1999/12/14 v2.01 operator names
)
\inf@bad=\count87
LaTeX Info: Redefining \frac on input line 211.
\uproot@=\count88
\leftroot@=\count89
LaTeX Info: Redefining \overline on input line 307.
\classnum@=\count90
\DOTSCASE@=\count91
LaTeX Info: Redefining \ldots on input line 379.
LaTeX Info: Redefining \dots on input line 382.
LaTeX Info: Redefining \cdots on input line 467.
\Mathstrutbox@=\box26
\strutbox@=\box27
\big@size=\dimen105
LaTeX Font Info:    Redeclaring font encoding OML on input line 567.
LaTeX Font Info:    Redeclaring font encoding OMS on input line 568.
\macc@depth=\count92
\c@MaxMatrixCols=\count93
\dotsspace@=\muskip10
\c@parentequation=\count94
\dspbrk@lvl=\count95
\tag@help=\toks15
\row@=\count96
\column@=\count97
\maxfields@=\count98
\andhelp@=\toks16
\eqnshift@=\dimen106
\alignsep@=\dimen107
\tagshift@=\dimen108
\tagwidth@=\dimen109
\totwidth@=\dimen110
\lineht@=\dimen111
\@envbody=\toks17
\multlinegap=\skip44
\multlinetaggap=\skip45
\mathdisplay@stack=\toks18
LaTeX Info: Redefining \[ on input line 2666.
LaTeX Info: Redefining \] on input line 2667.
)
(/usr/share/texmf-texlive/tex/latex/amsfonts/amsfonts.sty
Package: amsfonts 2009/06/22 v3.00 Basic AMSFonts support
\symAMSa=\mathgroup4
\symAMSb=\mathgroup5
LaTeX Font Info:    Overwriting math alphabet `\mathfrak' in version `bold'
(Font)                  U/euf/m/n --> U/euf/b/n on input line 96.
)
(/usr/share/texmf-texlive/tex/latex/amscls/amsthm.sty
Package: amsthm 2004/08/06 v2.20
\thm@style=\toks19
\thm@bodyfont=\toks20
\thm@headfont=\toks21
\thm@notefont=\toks22
\thm@headpunct=\toks23
\thm@preskip=\skip46
\thm@postskip=\skip47
\thm@headsep=\skip48
\dth@everypar=\toks24
)
(/usr/share/texmf-texlive/tex/latex/amsfonts/amssymb.sty
Package: amssymb 2009/06/22 v3.00
)
(/usr/share/texmf-texlive/tex/latex/setspace/setspace.sty
Package: setspace 2000/12/01 6.7 Contributed and Supported LaTeX2e package

Package: `setspace' 6.7 <2000/12/01>
) (/usr/share/texmf-texlive/tex/latex/Tabbing/Tabbing.sty
Package: Tabbing 1997/12/18 v1.0 Tabbing environment (JPFD)
)
(/usr/share/texmf-texlive/tex/latex/fancyhdr/fancyhdr.sty
\fancy@headwidth=\skip49
\f@ncyO@elh=\skip50
\f@ncyO@erh=\skip51
\f@ncyO@olh=\skip52
\f@ncyO@orh=\skip53
\f@ncyO@elf=\skip54
\f@ncyO@erf=\skip55
\f@ncyO@olf=\skip56
\f@ncyO@orf=\skip57
)
(/usr/share/texmf-texlive/tex/latex/lastpage/lastpage.sty
Package: lastpage 1994/06/25 v0.1b LaTeX2e package for refs to last page number
 (JPG)
)
(/usr/share/texmf-texlive/tex/latex/fancyhdr/extramarks.sty
\@temptokenb=\toks25
)
(/usr/share/texmf-texlive/tex/latex/changepage/chngpage.sty
Package: chngpage 2009/10/20 v1.2b change page layout
\c@cp@cnt=\count99
\c@cp@tempcnt=\count100
)
(/usr/share/texmf-texlive/tex/latex/soul/soul.sty
Package: soul 2003/11/17 v2.4 letterspacing/underlining (mf)
\SOUL@word=\toks26
\SOUL@lasttoken=\toks27
\SOUL@cmds=\toks28
\SOUL@buffer=\toks29
\SOUL@token=\toks30
\SOUL@spaceskip=\skip58
\SOUL@ttwidth=\dimen112
\SOUL@uldp=\dimen113
\SOUL@ulht=\dimen114
)
(/usr/share/texmf-texlive/tex/latex/graphics/color.sty
Package: color 2005/11/14 v1.0j Standard LaTeX Color (DPC)

(/etc/texmf/tex/latex/config/color.cfg
File: color.cfg 2007/01/18 v1.5 color configuration of teTeX/TeXLive
)
Package color Info: Driver file: pdftex.def on input line 130.

(/usr/share/texmf-texlive/tex/latex/pdftex-def/pdftex.def
File: pdftex.def 2009/08/25 v0.04m Graphics/color for pdfTeX
\Gread@gobject=\count101
))
(/usr/share/texmf-texlive/tex/latex/graphics/graphicx.sty
Package: graphicx 1999/02/16 v1.0f Enhanced LaTeX Graphics (DPC,SPQR)

(/usr/share/texmf-texlive/tex/latex/graphics/keyval.sty
Package: keyval 1999/03/16 v1.13 key=value parser (DPC)
\KV@toks@=\toks31
)
(/usr/share/texmf-texlive/tex/latex/graphics/graphics.sty
Package: graphics 2009/02/05 v1.0o Standard LaTeX Graphics (DPC,SPQR)

(/usr/share/texmf-texlive/tex/latex/graphics/trig.sty
Package: trig 1999/03/16 v1.09 sin cos tan (DPC)
)
(/etc/texmf/tex/latex/config/graphics.cfg
File: graphics.cfg 2009/08/28 v1.8 graphics configuration of TeX Live
)
Package graphics Info: Driver file: pdftex.def on input line 91.
)
\Gin@req@height=\dimen115
\Gin@req@width=\dimen116
)
(/usr/share/texmf-texlive/tex/latex/float/float.sty
Package: float 2001/11/08 v1.3d Float enhancements (AL)
\c@float@type=\count102
\float@exts=\toks32
\float@box=\box28
\@float@everytoks=\toks33
\@floatcapt=\box29
)
(/usr/share/texmf-texlive/tex/latex/wrapfig/wrapfig.sty
\wrapoverhang=\dimen117
\WF@size=\dimen118
\c@WF@wrappedlines=\count103
\WF@box=\box30
\WF@everypar=\toks34
Package: wrapfig 2003/01/31  v 3.6
)
(/usr/share/texmf-texlive/tex/latex/multirow/multirow.sty
\bigstrutjot=\dimen119
)
(/usr/share/texmf-texlive/tex/latex/tools/enumerate.sty
Package: enumerate 1999/03/05 v3.00 enumerate extensions (DPC)
\@enLab=\toks35
)
\labelLength=\skip59
\c@homeworkProblemCounter=\count104
\homeworkSectionLabelLength=\skip60
 (./4.5.aux

LaTeX Warning: Label `fig:by:table' multiply defined.


LaTeX Warning: Label `fig:by:table' multiply defined.


LaTeX Warning: Label `fig:by:table' multiply defined.


LaTeX Warning: Label `fig:by:table' multiply defined.


LaTeX Warning: Label `fig:by:table' multiply defined.


LaTeX Warning: Label `fig:by:table' multiply defined.


LaTeX Warning: Label `fig:by:table' multiply defined.


LaTeX Warning: Label `fig:by:table' multiply defined.


LaTeX Warning: Label `fig:by:table' multiply defined.


LaTeX Warning: Label `fig:by:table' multiply defined.


LaTeX Warning: Label `fig:by:table' multiply defined.


LaTeX Warning: Label `fig:by:table' multiply defined.


LaTeX Warning: Label `fig:by:table' multiply defined.


LaTeX Warning: Label `fig:by:table' multiply defined.


LaTeX Warning: Label `fig:by:table' multiply defined.


LaTeX Warning: Label `fig:by:table' multiply defined.


LaTeX Warning: Label `fig:by:table' multiply defined.


LaTeX Warning: Label `fig:by:table' multiply defined.


LaTeX Warning: Label `fig:by:table' multiply defined.

)
\openout1 = `4.5.aux'.

LaTeX Font Info:    Checking defaults for OML/cmm/m/it on input line 120.
LaTeX Font Info:    ... okay on input line 120.
LaTeX Font Info:    Checking defaults for T1/cmr/m/n on input line 120.
LaTeX Font Info:    ... okay on input line 120.
LaTeX Font Info:    Checking defaults for OT1/cmr/m/n on input line 120.
LaTeX Font Info:    ... okay on input line 120.
LaTeX Font Info:    Checking defaults for OMS/cmsy/m/n on input line 120.
LaTeX Font Info:    ... okay on input line 120.
LaTeX Font Info:    Checking defaults for OMX/cmex/m/n on input line 120.
LaTeX Font Info:    ... okay on input line 120.
LaTeX Font Info:    Checking defaults for U/cmr/m/n on input line 120.
LaTeX Font Info:    ... okay on input line 120.
 (/usr/share/texmf/tex/context/base/supp-pdf.mkii
[Loading MPS to PDF converter (version 2006.09.02).]
\scratchcounter=\count105
\scratchdimen=\dimen120
\scratchbox=\box31
\nofMPsegments=\count106
\nofMParguments=\count107
\everyMPshowfont=\toks36
\MPscratchCnt=\count108
\MPscratchDim=\dimen121
\MPnumerator=\count109
\everyMPtoPDFconversion=\toks37
)
LaTeX Font Info:    Try loading font information for U+msa on input line 122.
 (/usr/share/texmf-texlive/tex/latex/amsfonts/umsa.fd
File: umsa.fd 2009/06/22 v3.00 AMS symbols A
)
LaTeX Font Info:    Try loading font information for U+msb on input line 122.

(/usr/share/texmf-texlive/tex/latex/amsfonts/umsb.fd
File: umsb.fd 2009/06/22 v3.00 AMS symbols B
)
Underfull \hbox (badness 10000) in paragraph at lines 126--128

 []


Underfull \hbox (badness 10000) in paragraph at lines 129--134

 []


Underfull \hbox (badness 10000) in paragraph at lines 129--134

 []


Underfull \hbox (badness 10000) in paragraph at lines 129--134

 []


Underfull \hbox (badness 10000) in paragraph at lines 134--139

 []


Underfull \hbox (badness 10000) in paragraph at lines 134--139

 []


Underfull \hbox (badness 10000) in paragraph at lines 134--139

 []


Underfull \hbox (badness 10000) in paragraph at lines 139--148

 []


Underfull \hbox (badness 10000) in paragraph at lines 139--148

 []

[1

{/var/lib/texmf/fonts/map/pdftex/updmap/pdftex.map}]
<gt.jpg, id=11, 513.92pt x 385.44pt>
File: gt.jpg Graphic file (type jpg)
 <use gt.jpg>
Underfull \hbox (badness 10000) in paragraph at lines 162--165

 []

<bu_lt.jpg, id=12, 676.5275pt x 575.14874pt>
File: bu_lt.jpg Graphic file (type jpg)
 <use bu_lt.jpg>
<bu_lt_lk.jpg, id=13, 513.92pt x 385.44pt>
File: bu_lt_lk.jpg Graphic file (type jpg)
 <use bu_lt_lk.jpg>
<bu_lt_lk_lt.jpg, id=14, 513.92pt x 385.44pt>
File: bu_lt_lk_lt.jpg Graphic file (type jpg)
 <use bu_lt_lk_lt.jpg>
<bu_lk.jpg, id=15, 513.92pt x 385.44pt>
File: bu_lk.jpg Graphic file (type jpg)
 <use bu_lk.jpg>
<bu_lk_lt.jpg, id=16, 513.92pt x 385.44pt>
File: bu_lk_lt.jpg Graphic file (type jpg)
 <use bu_lk_lt.jpg>

LaTeX Warning: `h' float specifier changed to `ht'.

<bu_mt.jpg, id=17, 513.92pt x 385.44pt>
File: bu_mt.jpg Graphic file (type jpg)
 <use bu_mt.jpg>
<bu_md_mt.jpg, id=18, 513.92pt x 385.44pt>
File: bu_md_mt.jpg Graphic file (type jpg)
 <use bu_md_mt.jpg> [2 <./gt.jpg> <./bu_lt.jpg> <./bu_lt_lk.jpg>]

LaTeX Warning: `h' float specifier changed to `ht'.

<bu_l.jpg, id=22, 513.92pt x 385.44pt>
File: bu_l.jpg Graphic file (type jpg)
 <use bu_l.jpg>
<bu_m.jpg, id=23, 513.92pt x 385.44pt>
File: bu_m.jpg Graphic file (type jpg)
 <use bu_m.jpg>
<bu_ms.jpg, id=24, 513.92pt x 385.44pt>
File: bu_ms.jpg Graphic file (type jpg)
 <use bu_ms.jpg>
<bu_lms.jpg, id=25, 513.92pt x 385.44pt>
File: bu_lms.jpg Graphic file (type jpg)
 <use bu_lms.jpg>
Underfull \hbox (badness 1259) in paragraph at lines 245--245
[]\OT1/cmr/m/n/10 Figure 12: Ran-dom Combo of Lo-cal,Merge,Split
 []


LaTeX Warning: `h' float specifier changed to `ht'.


LaTeX Warning: `h' float specifier changed to `ht'.

<bu_energy2.jpg, id=26, 713.66624pt x 494.84875pt>
File: bu_energy2.jpg Graphic file (type jpg)
 <use bu_energy2.jpg>
<bu_energy.jpg, id=27, 629.35126pt x 521.95pt>
File: bu_energy.jpg Graphic file (type jpg)
 <use bu_energy.jpg>

LaTeX Warning: `h' float specifier changed to `ht'.


Underfull \hbox (badness 10000) in paragraph at lines 267--270

 []


Underfull \hbox (badness 10000) in paragraph at lines 270--271

 []

<td_s_1.jpg, id=28, 513.92pt x 385.44pt>
File: td_s_1.jpg Graphic file (type jpg)
 <use td_s_1.jpg>
<td_s_2.jpg, id=29, 513.92pt x 385.44pt>
File: td_s_2.jpg Graphic file (type jpg)
 <use td_s_2.jpg>

LaTeX Warning: `h' float specifier changed to `ht'.

<td_s_3.jpg, id=30, 513.92pt x 385.44pt>
File: td_s_3.jpg Graphic file (type jpg)
 <use td_s_3.jpg>
<td_s_4.jpg, id=31, 513.92pt x 385.44pt>
File: td_s_4.jpg Graphic file (type jpg)
 <use td_s_4.jpg>

LaTeX Warning: `h' float specifier changed to `ht'.

<td_ms.jpg, id=32, 513.92pt x 385.44pt>
File: td_ms.jpg Graphic file (type jpg)
 <use td_ms.jpg>
<td_lms.jpg, id=33, 513.92pt x 385.44pt>
File: td_lms.jpg Graphic file (type jpg)
 <use td_lms.jpg>
Underfull \hbox (badness 1259) in paragraph at lines 313--313
[]\OT1/cmr/m/n/10 Figure 20: Ran-dom Combo of Lo-cal,Merge,Split
 []


LaTeX Warning: `h' float specifier changed to `ht'.

<tf_energy.jpg, id=34, 513.92pt x 385.44pt>
File: tf_energy.jpg Graphic file (type jpg)
 <use tf_energy.jpg>
<tf_energy2.jpg, id=35, 578.16pt x 467.7475pt>
File: tf_energy2.jpg Graphic file (type jpg)
 <use tf_energy2.jpg>

LaTeX Warning: `h' float specifier changed to `ht'.

AED: lastpage setting LastPage [3 <./bu_lt_lk_lt.jpg> <./bu_lk.jpg> <./bu_lk_lt
.jpg>] [4 <./bu_mt.jpg> <./bu_md_mt.jpg> <./bu_l.jpg> <./bu_m.jpg> <./bu_ms.jpg
> <./bu_lms.jpg>] [5 <./bu_energy2.jpg> <./bu_energy.jpg> <./td_s_1.jpg> <./td_
s_2.jpg> <./td_s_3.jpg> <./td_s_4.jpg>] [6 <./td_ms.jpg> <./td_lms.jpg> <./tf_e
nergy.jpg> <./tf_energy2.jpg>] (./4.5.aux)

LaTeX Warning: There were multiply-defined labels.

 ) 
Here is how much of TeX's memory you used:
 2612 strings out of 495061
 31961 string characters out of 1182621
 89414 words of memory out of 3000000
 5726 multiletter control sequences out of 15000+50000
 12123 words of font info for 47 fonts, out of 3000000 for 9000
 28 hyphenation exceptions out of 8191
 27i,11n,43p,220b,419s stack positions out of 5000i,500n,10000p,200000b,50000s
</usr/share/texmf-texlive/fonts/type1/public/amsfonts/cm/cmbx10.pfb></usr/sha
re/texmf-texlive/fonts/type1/public/amsfonts/cm/cmbx12.pfb></usr/share/texmf-te
xlive/fonts/type1/public/amsfonts/cm/cmmi10.pfb></usr/share/texmf-texlive/fonts
/type1/public/amsfonts/cm/cmr10.pfb></usr/share/texmf-texlive/fonts/type1/publi
c/amsfonts/cm/cmr12.pfb></usr/share/texmf-texlive/fonts/type1/public/amsfonts/c
m/cmsy10.pfb>
Output written on 4.5.pdf (6 pages, 470751 bytes).
PDF statistics:
 67 PDF objects out of 1000 (max. 8388607)
 0 named destinations out of 1000 (max. 500000)
 111 words of extra memory for PDF output out of 10000 (max. 10000000)

