This is pdfTeX, Version 3.1415926-1.40.10 (TeX Live 2009/Debian) (format=pdflatex 2010.5.10)  7 JUN 2010 10:31
entering extended mode
 restricted \write18 enabled.
 %&-line parsing enabled.
**4.5.tex
(./4.5.tex
LaTeX2e <2009/09/24>
Babel <v3.8l> and hyphenation patterns for english, usenglishmax, dumylang, noh
yphenation, loaded.
(/usr/share/texmf-texlive/tex/latex/base/article.cls
Document Class: article 2007/10/19 v1.4h Standard LaTeX document class
(/usr/share/texmf-texlive/tex/latex/base/size10.clo
File: size10.clo 2007/10/19 v1.4h Standard LaTeX file (size option)
)
\c@part=\count79
\c@section=\count80
\c@subsection=\count81
\c@subsubsection=\count82
\c@paragraph=\count83
\c@subparagraph=\count84
\c@figure=\count85
\c@table=\count86
\abovecaptionskip=\skip41
\belowcaptionskip=\skip42
\bibindent=\dimen102
)
(/usr/share/texmf-texlive/tex/latex/amsmath/amsmath.sty
Package: amsmath 2000/07/18 v2.13 AMS math features
\@mathmargin=\skip43

For additional information on amsmath, use the `?' option.
(/usr/share/texmf-texlive/tex/latex/amsmath/amstext.sty
Package: amstext 2000/06/29 v2.01

(/usr/share/texmf-texlive/tex/latex/amsmath/amsgen.sty
File: amsgen.sty 1999/11/30 v2.0
\@emptytoks=\toks14
\ex@=\dimen103
))
(/usr/share/texmf-texlive/tex/latex/amsmath/amsbsy.sty
Package: amsbsy 1999/11/29 v1.2d
\pmbraise@=\dimen104
)
(/usr/share/texmf-texlive/tex/latex/amsmath/amsopn.sty
Package: amsopn 1999/12/14 v2.01 operator names
)
\inf@bad=\count87
LaTeX Info: Redefining \frac on input line 211.
\uproot@=\count88
\leftroot@=\count89
LaTeX Info: Redefining \overline on input line 307.
\classnum@=\count90
\DOTSCASE@=\count91
LaTeX Info: Redefining \ldots on input line 379.
LaTeX Info: Redefining \dots on input line 382.
LaTeX Info: Redefining \cdots on input line 467.
\Mathstrutbox@=\box26
\strutbox@=\box27
\big@size=\dimen105
LaTeX Font Info:    Redeclaring font encoding OML on input line 567.
LaTeX Font Info:    Redeclaring font encoding OMS on input line 568.
\macc@depth=\count92
\c@MaxMatrixCols=\count93
\dotsspace@=\muskip10
\c@parentequation=\count94
\dspbrk@lvl=\count95
\tag@help=\toks15
\row@=\count96
\column@=\count97
\maxfields@=\count98
\andhelp@=\toks16
\eqnshift@=\dimen106
\alignsep@=\dimen107
\tagshift@=\dimen108
\tagwidth@=\dimen109
\totwidth@=\dimen110
\lineht@=\dimen111
\@envbody=\toks17
\multlinegap=\skip44
\multlinetaggap=\skip45
\mathdisplay@stack=\toks18
LaTeX Info: Redefining \[ on input line 2666.
LaTeX Info: Redefining \] on input line 2667.
)
(/usr/share/texmf-texlive/tex/latex/amsfonts/amsfonts.sty
Package: amsfonts 2009/06/22 v3.00 Basic AMSFonts support
\symAMSa=\mathgroup4
\symAMSb=\mathgroup5
LaTeX Font Info:    Overwriting math alphabet `\mathfrak' in version `bold'
(Font)                  U/euf/m/n --> U/euf/b/n on input line 96.
)
(/usr/share/texmf-texlive/tex/latex/amscls/amsthm.sty
Package: amsthm 2004/08/06 v2.20
\thm@style=\toks19
\thm@bodyfont=\toks20
\thm@headfont=\toks21
\thm@notefont=\toks22
\thm@headpunct=\toks23
\thm@preskip=\skip46
\thm@postskip=\skip47
\thm@headsep=\skip48
\dth@everypar=\toks24
)
(/usr/share/texmf-texlive/tex/latex/amsfonts/amssymb.sty
Package: amssymb 2009/06/22 v3.00
)
(/usr/share/texmf-texlive/tex/latex/setspace/setspace.sty
Package: setspace 2000/12/01 6.7 Contributed and Supported LaTeX2e package

Package: `setspace' 6.7 <2000/12/01>
) (/usr/share/texmf-texlive/tex/latex/Tabbing/Tabbing.sty
Package: Tabbing 1997/12/18 v1.0 Tabbing environment (JPFD)
)
(/usr/share/texmf-texlive/tex/latex/fancyhdr/fancyhdr.sty
\fancy@headwidth=\skip49
\f@ncyO@elh=\skip50
\f@ncyO@erh=\skip51
\f@ncyO@olh=\skip52
\f@ncyO@orh=\skip53
\f@ncyO@elf=\skip54
\f@ncyO@erf=\skip55
\f@ncyO@olf=\skip56
\f@ncyO@orf=\skip57
)
(/usr/share/texmf-texlive/tex/latex/lastpage/lastpage.sty
Package: lastpage 1994/06/25 v0.1b LaTeX2e package for refs to last page number
 (JPG)
)
(/usr/share/texmf-texlive/tex/latex/fancyhdr/extramarks.sty
\@temptokenb=\toks25
)
(/usr/share/texmf-texlive/tex/latex/changepage/chngpage.sty
Package: chngpage 2009/10/20 v1.2b change page layout
\c@cp@cnt=\count99
\c@cp@tempcnt=\count100
)
(/usr/share/texmf-texlive/tex/latex/soul/soul.sty
Package: soul 2003/11/17 v2.4 letterspacing/underlining (mf)
\SOUL@word=\toks26
\SOUL@lasttoken=\toks27
\SOUL@cmds=\toks28
\SOUL@buffer=\toks29
\SOUL@token=\toks30
\SOUL@spaceskip=\skip58
\SOUL@ttwidth=\dimen112
\SOUL@uldp=\dimen113
\SOUL@ulht=\dimen114
)
(/usr/share/texmf-texlive/tex/latex/graphics/color.sty
Package: color 2005/11/14 v1.0j Standard LaTeX Color (DPC)

(/etc/texmf/tex/latex/config/color.cfg
File: color.cfg 2007/01/18 v1.5 color configuration of teTeX/TeXLive
)
Package color Info: Driver file: pdftex.def on input line 130.

(/usr/share/texmf-texlive/tex/latex/pdftex-def/pdftex.def
File: pdftex.def 2009/08/25 v0.04m Graphics/color for pdfTeX
\Gread@gobject=\count101
))
(/usr/share/texmf-texlive/tex/latex/graphics/graphicx.sty
Package: graphicx 1999/02/16 v1.0f Enhanced LaTeX Graphics (DPC,SPQR)

(/usr/share/texmf-texlive/tex/latex/graphics/keyval.sty
Package: keyval 1999/03/16 v1.13 key=value parser (DPC)
\KV@toks@=\toks31
)
(/usr/share/texmf-texlive/tex/latex/graphics/graphics.sty
Package: graphics 2009/02/05 v1.0o Standard LaTeX Graphics (DPC,SPQR)

(/usr/share/texmf-texlive/tex/latex/graphics/trig.sty
Package: trig 1999/03/16 v1.09 sin cos tan (DPC)
)
(/etc/texmf/tex/latex/config/graphics.cfg
File: graphics.cfg 2009/08/28 v1.8 graphics configuration of TeX Live
)
Package graphics Info: Driver file: pdftex.def on input line 91.
)
\Gin@req@height=\dimen115
\Gin@req@width=\dimen116
)
(/usr/share/texmf-texlive/tex/latex/float/float.sty
Package: float 2001/11/08 v1.3d Float enhancements (AL)
\c@float@type=\count102
\float@exts=\toks32
\float@box=\box28
\@float@everytoks=\toks33
\@floatcapt=\box29
)
(/usr/share/texmf-texlive/tex/latex/wrapfig/wrapfig.sty
\wrapoverhang=\dimen117
\WF@size=\dimen118
\c@WF@wrappedlines=\count103
\WF@box=\box30
\WF@everypar=\toks34
Package: wrapfig 2003/01/31  v 3.6
)
(/usr/share/texmf-texlive/tex/latex/multirow/multirow.sty
\bigstrutjot=\dimen119
)
\labelLength=\skip59
\c@homeworkProblemCounter=\count104
\homeworkSectionLabelLength=\skip60
 (./4.5.aux

LaTeX Warning: Label `fig:by:table' multiply defined.


LaTeX Warning: Label `fig:by:table' multiply defined.


LaTeX Warning: Label `fig:by:table' multiply defined.


LaTeX Warning: Label `fig:by:table' multiply defined.


LaTeX Warning: Label `fig:by:table' multiply defined.


LaTeX Warning: Label `fig:by:table' multiply defined.


LaTeX Warning: Label `fig:by:table' multiply defined.

)
\openout1 = `4.5.aux'.

LaTeX Font Info:    Checking defaults for OML/cmm/m/it on input line 120.
LaTeX Font Info:    ... okay on input line 120.
LaTeX Font Info:    Checking defaults for T1/cmr/m/n on input line 120.
LaTeX Font Info:    ... okay on input line 120.
LaTeX Font Info:    Checking defaults for OT1/cmr/m/n on input line 120.
LaTeX Font Info:    ... okay on input line 120.
LaTeX Font Info:    Checking defaults for OMS/cmsy/m/n on input line 120.
LaTeX Font Info:    ... okay on input line 120.
LaTeX Font Info:    Checking defaults for OMX/cmex/m/n on input line 120.
LaTeX Font Info:    ... okay on input line 120.
LaTeX Font Info:    Checking defaults for U/cmr/m/n on input line 120.
LaTeX Font Info:    ... okay on input line 120.
 (/usr/share/texmf/tex/context/base/supp-pdf.mkii
[Loading MPS to PDF converter (version 2006.09.02).]
\scratchcounter=\count105
\scratchdimen=\dimen120
\scratchbox=\box31
\nofMPsegments=\count106
\nofMParguments=\count107
\everyMPshowfont=\toks35
\MPscratchCnt=\count108
\MPscratchDim=\dimen121
\MPnumerator=\count109
\everyMPtoPDFconversion=\toks36
)
LaTeX Font Info:    Try loading font information for U+msa on input line 122.
 (/usr/share/texmf-texlive/tex/latex/amsfonts/umsa.fd
File: umsa.fd 2009/06/22 v3.00 AMS symbols A
)
LaTeX Font Info:    Try loading font information for U+msb on input line 122.

(/usr/share/texmf-texlive/tex/latex/amsfonts/umsb.fd
File: umsb.fd 2009/06/22 v3.00 AMS symbols B
)
Underfull \hbox (badness 10000) in paragraph at lines 126--130

 []


Underfull \hbox (badness 10000) in paragraph at lines 126--130

 []

<dp_alpha.jpg, id=1, 850.17625pt x 538.01pt>
File: dp_alpha.jpg Graphic file (type jpg)
 <use dp_alpha.jpg>
Overfull \hbox (18.06282pt too wide) in paragraph at lines 136--137
 [][] 
 []

<dd_alpha.jpg, id=2, 768.8725pt x 552.0625pt>
File: dd_alpha.jpg Graphic file (type jpg)
 <use dd_alpha.jpg>
Overfull \hbox (18.06517pt too wide) in paragraph at lines 142--143
 [][] 
 []


Underfull \hbox (badness 10000) in paragraph at lines 150--155

 []

[1

{/var/lib/texmf/fonts/map/pdftex/updmap/pdftex.map} <./dp_alpha.jpg> <./dd_alph
a.jpg>] <prob_alpha.jpg, id=19, 860.21375pt x 724.7075pt>
File: prob_alpha.jpg Graphic file (type jpg)

<use prob_alpha.jpg> <hyper.jpg, id=20, 513.92pt x 385.44pt>
File: hyper.jpg Graphic file (type jpg)
 <use hyper.jpg>
Overfull \hbox (18.06688pt too wide) in paragraph at lines 167--168
 [][] 
 []

<hyper2.jpg, id=21, 513.92pt x 385.44pt>
File: hyper2.jpg Graphic file (type jpg)
 <use hyper2.jpg>
Overfull \hbox (18.06688pt too wide) in paragraph at lines 173--174
 [][] 
 []


Underfull \hbox (badness 10000) in paragraph at lines 180--201

 []


Underfull \hbox (badness 10000) in paragraph at lines 180--201

 []


Underfull \hbox (badness 10000) in paragraph at lines 180--201

 []


Underfull \hbox (badness 10000) in paragraph at lines 180--201

 []


Underfull \hbox (badness 10000) in paragraph at lines 180--201

 []


Underfull \hbox (badness 10000) in paragraph at lines 180--201

 []


Underfull \hbox (badness 10000) in paragraph at lines 180--201

 []


Underfull \hbox (badness 10000) in paragraph at lines 180--201

 []

[2 <./prob_alpha.jpg> <./hyper.jpg> <./hyper2.jpg>]
Underfull \hbox (badness 10000) in paragraph at lines 203--209

 []


Underfull \hbox (badness 10000) in paragraph at lines 211--231

 []


Underfull \hbox (badness 10000) in paragraph at lines 211--231

 []


Underfull \hbox (badness 10000) in paragraph at lines 211--231

 []


Underfull \hbox (badness 10000) in paragraph at lines 211--231

 []


Underfull \hbox (badness 10000) in paragraph at lines 211--231

 []


Underfull \hbox (badness 10000) in paragraph at lines 211--231

 []


Underfull \hbox (badness 10000) in paragraph at lines 211--231

 []

[3] <exp_me1.jpg, id=28, 1204.5pt x 903.375pt>
File: exp_me1.jpg Graphic file (type jpg)
 <use exp_me1.jpg>
Overfull \hbox (18.0566pt too wide) in paragraph at lines 238--239
 [][] 
 []

<exp_gib.jpg, id=29, 1204.5pt x 903.375pt>
File: exp_gib.jpg Graphic file (type jpg)
 <use exp_gib.jpg>
Overfull \hbox (18.0566pt too wide) in paragraph at lines 244--245
 [][] 
 []

<hdp_com.jpg, id=30, 513.92pt x 385.44pt>
File: hdp_com.jpg Graphic file (type jpg)
 <use hdp_com.jpg>
Overfull \hbox (18.06688pt too wide) in paragraph at lines 253--254
 [][] 
 []

<hdp_com2.jpg, id=31, 513.92pt x 385.44pt>
File: hdp_com2.jpg Graphic file (type jpg)
 <use hdp_com2.jpg>
Overfull \hbox (18.06688pt too wide) in paragraph at lines 259--260
 [][] 
 []

AED: lastpage setting LastPage [4 <./exp_me1.jpg> <./exp_gib.jpg> <./hdp_com.jp
g> <./hdp_com2.jpg>] (./4.5.aux)

LaTeX Warning: There were multiply-defined labels.

 ) 
Here is how much of TeX's memory you used:
 2525 strings out of 495061
 30740 string characters out of 1182621
 94035 words of memory out of 3000000
 5656 multiletter control sequences out of 15000+50000
 11815 words of font info for 46 fonts, out of 3000000 for 9000
 28 hyphenation exceptions out of 8191
 27i,11n,43p,220b,346s stack positions out of 5000i,500n,10000p,200000b,50000s
</usr/share/texmf-texlive/fonts/type1/public/amsfonts/cm/cmbx12.pfb></usr/sha
re/texmf-texlive/fonts/type1/public/amsfonts/cm/cmex10.pfb></usr/share/texmf-te
xlive/fonts/type1/public/amsfonts/cm/cmmi10.pfb></usr/share/texmf-texlive/fonts
/type1/public/amsfonts/cm/cmmi5.pfb></usr/share/texmf-texlive/fonts/type1/publi
c/amsfonts/cm/cmmi7.pfb></usr/share/texmf-texlive/fonts/type1/public/amsfonts/c
m/cmr10.pfb></usr/share/texmf-texlive/fonts/type1/public/amsfonts/cm/cmr12.pfb>
</usr/share/texmf-texlive/fonts/type1/public/amsfonts/cm/cmr5.pfb></usr/share/t
exmf-texlive/fonts/type1/public/amsfonts/cm/cmr7.pfb></usr/share/texmf-texlive/
fonts/type1/public/amsfonts/cm/cmsy10.pfb></usr/share/texmf-texlive/fonts/type1
/public/amsfonts/cm/cmsy5.pfb></usr/share/texmf-texlive/fonts/type1/public/amsf
onts/cm/cmsy7.pfb>
Output written on 4.5.pdf (4 pages, 474304 bytes).
PDF statistics:
 72 PDF objects out of 1000 (max. 8388607)
 0 named destinations out of 1000 (max. 500000)
 46 words of extra memory for PDF output out of 10000 (max. 10000000)

