This is pdfTeX, Version 3.1415926-1.40.10 (TeX Live 2009/Debian) (format=pdflatex 2010.5.10)  17 MAY 2010 17:16
entering extended mode
 restricted \write18 enabled.
 %&-line parsing enabled.
**report.tex
(./report.tex
LaTeX2e <2009/09/24>
Babel <v3.8l> and hyphenation patterns for english, usenglishmax, dumylang, noh
yphenation, loaded.
(/usr/share/texmf-texlive/tex/latex/base/article.cls
Document Class: article 2007/10/19 v1.4h Standard LaTeX document class
(/usr/share/texmf-texlive/tex/latex/base/size10.clo
File: size10.clo 2007/10/19 v1.4h Standard LaTeX file (size option)
)
\c@part=\count79
\c@section=\count80
\c@subsection=\count81
\c@subsubsection=\count82
\c@paragraph=\count83
\c@subparagraph=\count84
\c@figure=\count85
\c@table=\count86
\abovecaptionskip=\skip41
\belowcaptionskip=\skip42
\bibindent=\dimen102
) (./nips07submit_e.sty)
(/usr/share/texmf-texlive/tex/latex/psnfss/times.sty
Package: times 2005/04/12 PSNFSS-v9.2a (SPQR) 
)
(/usr/share/texmf-texlive/tex/latex/multirow/multirow.sty
\bigstrutjot=\dimen103
)
(/usr/share/texmf-texlive/tex/latex/graphics/graphics.sty
Package: graphics 2009/02/05 v1.0o Standard LaTeX Graphics (DPC,SPQR)

(/usr/share/texmf-texlive/tex/latex/graphics/trig.sty
Package: trig 1999/03/16 v1.09 sin cos tan (DPC)
)
(/etc/texmf/tex/latex/config/graphics.cfg
File: graphics.cfg 2009/08/28 v1.8 graphics configuration of TeX Live
)
Package graphics Info: Driver file: pdftex.def on input line 91.

(/usr/share/texmf-texlive/tex/latex/pdftex-def/pdftex.def
File: pdftex.def 2009/08/25 v0.04m Graphics/color for pdfTeX
\Gread@gobject=\count87
))
(/usr/share/texmf-texlive/tex/latex/graphics/graphicx.sty
Package: graphicx 1999/02/16 v1.0f Enhanced LaTeX Graphics (DPC,SPQR)

(/usr/share/texmf-texlive/tex/latex/graphics/keyval.sty
Package: keyval 1999/03/16 v1.13 key=value parser (DPC)
\KV@toks@=\toks14
)
\Gin@req@height=\dimen104
\Gin@req@width=\dimen105
) (./report.aux

LaTeX Warning: Label `fig:by:table' multiply defined.


LaTeX Warning: Label `fig:by:table' multiply defined.


LaTeX Warning: Label `fig:by:table' multiply defined.

)
\openout1 = `report.aux'.

LaTeX Font Info:    Checking defaults for OML/cmm/m/it on input line 21.
LaTeX Font Info:    ... okay on input line 21.
LaTeX Font Info:    Checking defaults for T1/cmr/m/n on input line 21.
LaTeX Font Info:    ... okay on input line 21.
LaTeX Font Info:    Checking defaults for OT1/cmr/m/n on input line 21.
LaTeX Font Info:    ... okay on input line 21.
LaTeX Font Info:    Checking defaults for OMS/cmsy/m/n on input line 21.
LaTeX Font Info:    ... okay on input line 21.
LaTeX Font Info:    Checking defaults for OMX/cmex/m/n on input line 21.
LaTeX Font Info:    ... okay on input line 21.
LaTeX Font Info:    Checking defaults for U/cmr/m/n on input line 21.
LaTeX Font Info:    ... okay on input line 21.
LaTeX Font Info:    Try loading font information for OT1+ptm on input line 21.
 (/usr/share/texmf-texlive/tex/latex/psnfss/ot1ptm.fd
File: ot1ptm.fd 2001/06/04 font definitions for OT1/ptm.
)
(/usr/share/texmf/tex/context/base/supp-pdf.mkii
[Loading MPS to PDF converter (version 2006.09.02).]
\scratchcounter=\count88
\scratchdimen=\dimen106
\scratchbox=\box26
\nofMPsegments=\count89
\nofMParguments=\count90
\everyMPshowfont=\toks15
\MPscratchCnt=\count91
\MPscratchDim=\dimen107
\MPnumerator=\count92
\everyMPtoPDFconversion=\toks16
)
LaTeX Font Info:    Try loading font information for OT1+pcr on input line 26.
 (/usr/share/texmf-texlive/tex/latex/psnfss/ot1pcr.fd
File: ot1pcr.fd 2001/06/04 font definitions for OT1/pcr.
)
LaTeX Font Info:    Try loading font information for OMS+pcr on input line 26.

(/usr/share/texmf-texlive/tex/latex/psnfss/omspcr.fd
File: omspcr.fd 
)
LaTeX Font Info:    Font shape `OMS/pcr/m/n' in size <10> not available
(Font)              Font shape `OMS/cmsy/m/n' tried instead on input line 26.

Underfull \hbox (badness 10000) in paragraph at lines 22--27

 []

LaTeX Font Info:    Font shape `OT1/ptm/bx/n' in size <17.28> not available
(Font)              Font shape `OT1/ptm/b/n' tried instead on input line 28.
LaTeX Font Info:    External font `cmex10' loaded for size
(Font)              <7> on input line 28.
LaTeX Font Info:    External font `cmex10' loaded for size
(Font)              <5> on input line 28.
LaTeX Font Info:    Font shape `OT1/ptm/bx/n' in size <10> not available
(Font)              Font shape `OT1/ptm/b/n' tried instead on input line 28.
LaTeX Font Info:    Font shape `OT1/ptm/bx/n' in size <12> not available
(Font)              Font shape `OT1/ptm/b/n' tried instead on input line 30.

Underfull \hbox (badness 10000) in paragraph at lines 41--48

 []


Underfull \hbox (badness 1275) in paragraph at lines 41--48
\OT1/ptm/m/n/10 Hierarchical Dirichilet Pro-cess(HDP), which nat-u-ally han-dle
s the prob-lem above, was for-
 []

[1

{/var/lib/texmf/fonts/map/pdftex/updmap/pdftex.map}]

LaTeX Font Warning: Command \boldmath invalid in math mode on input line 59.


LaTeX Font Warning: Command \mathversion invalid in math mode on input line 59.



Underfull \hbox (badness 10000) in paragraph at lines 82--108

 []


Underfull \hbox (badness 10000) in paragraph at lines 82--108

 []


Underfull \hbox (badness 10000) in paragraph at lines 82--108

 []


Underfull \hbox (badness 10000) in paragraph at lines 82--108

 []


Underfull \hbox (badness 10000) in paragraph at lines 82--108

 []

[2]
Underfull \hbox (badness 10000) in paragraph at lines 109--111

 []


Underfull \hbox (badness 10000) in paragraph at lines 112--121

 []

<dp.jpg, id=20, 642.4pt x 401.5pt>
File: dp.jpg Graphic file (type jpg)
 <use dp.jpg>
<truth.jpg, id=21, 513.92pt x 385.44pt>
File: truth.jpg Graphic file (type jpg)
 <use truth.jpg>
<BJ.pdf, id=22, 614.295pt x 794.97pt>
File: BJ.pdf Graphic file (type pdf)
 <use BJ.pdf>
<cdb.pdf, id=23, 614.295pt x 794.97pt>
File: cdb.pdf Graphic file (type pdf)
 <use cdb.pdf>

LaTeX Warning: `h' float specifier changed to `ht'.

Missing character: There is no ‚ in font ptmr7t!
Missing character: There is no Ä in font ptmr7t!
Missing character: There is no ú in font ptmr7t!
Missing character: There is no ‚ in font ptmr7t!
Missing character: There is no Ä in font ptmr7t!
Missing character: There is no ù in font ptmr7t!
Missing character: There is no ‚ in font ptmr7t!
Missing character: There is no Ä in font ptmr7t!
Missing character: There is no ì in font ptmr7t!

Underfull \vbox (badness 4505) has occurred while \output is active []

 [3 <./dp.jpg> <./truth.jpg>]
Missing character: There is no Ã in font ptmr7t!
Missing character: There is no à in font ptmr7t!
Missing character: There is no ‚ in font ptmr7t!
Missing character: There is no Ä in font ptmr7t!
Missing character: There is no ù in font ptmr7t!
Missing character: There is no ‚ in font ptmr7t!
Missing character: There is no Ä in font ptmr7t!
Missing character: There is no ù in font ptmr7t!
Missing character: There is no ‚ in font ptmr7t!
Missing character: There is no Ä in font ptmr7t!
Missing character: There is no ì in font ptmr7t!
Missing character: There is no Ã in font ptmr7t!
Missing character: There is no Å in font ptmr7t!
 [4 <./BJ.pdf> <./cdb.pdf>] (./report.aux)

LaTeX Warning: There were multiply-defined labels.

 ) 
Here is how much of TeX's memory you used:
 1048 strings out of 495061
 13305 string characters out of 1182621
 68348 words of memory out of 3000000
 4251 multiletter control sequences out of 15000+50000
 14901 words of font info for 30 fonts, out of 3000000 for 9000
 28 hyphenation exceptions out of 8191
 23i,10n,19p,296b,243s stack positions out of 5000i,500n,10000p,200000b,50000s
{/usr/share/texmf-texlive/fonts/enc/dvips/base/8r.enc}</usr/share/texmf-texli
ve/fonts/type1/public/amsfonts/cm/cmex10.pfb></usr/share/texmf-texlive/fonts/ty
pe1/public/amsfonts/cm/cmmi10.pfb></usr/share/texmf-texlive/fonts/type1/public/
amsfonts/cm/cmmi5.pfb></usr/share/texmf-texlive/fonts/type1/public/amsfonts/cm/
cmmi7.pfb></usr/share/texmf-texlive/fonts/type1/public/amsfonts/cm/cmr10.pfb></
usr/share/texmf-texlive/fonts/type1/public/amsfonts/cm/cmr5.pfb></usr/share/tex
mf-texlive/fonts/type1/public/amsfonts/cm/cmr7.pfb></usr/share/texmf-texlive/fo
nts/type1/public/amsfonts/cm/cmsy10.pfb></usr/share/texmf-texlive/fonts/type1/p
ublic/amsfonts/cm/cmsy7.pfb></usr/share/texmf-texlive/fonts/type1/urw/courier/u
crr8a.pfb></usr/share/texmf-texlive/fonts/type1/urw/times/utmb8a.pfb></usr/shar
e/texmf-texlive/fonts/type1/urw/times/utmr8a.pfb></usr/share/texmf-texlive/font
s/type1/urw/times/utmri8a.pfb>
Output written on report.pdf (4 pages, 393867 bytes).
PDF statistics:
 80 PDF objects out of 1000 (max. 8388607)
 0 named destinations out of 1000 (max. 500000)
 21 words of extra memory for PDF output out of 10000 (max. 10000000)

